<?xml version="1.0" encoding="UTF-8"?>
<testsuite xmlns:xsi="http://www.w3.org/2001/XMLSchema-instance" xsi:noNamespaceSchemaLocation="https://maven.apache.org/surefire/maven-surefire-plugin/xsd/surefire-test-report-3.0.xsd" version="3.0" name="org.example.module1DataStructure.section1_coreBankingStorage.CreditUnionLedgerTest$HighestBalanceTests" time="0.718" tests="5" errors="0" skipped="0" failures="0">
  <properties>
[...]
</properties>
  <testcase name="highestBalanceAmount" classname="org.example.module1DataStructure.section1_coreBankingStorage.CreditUnionLedgerTest$HighestBalanceTests" time="0.37">
    <system-err><![CDATA[Mar 17, 2026 7:01:03 AM org.example.CreditUnionLedger register
INFO: Registered [0] Jean Pierre Ngono — $1,200,000.00
Mar 17, 2026 7:01:03 AM org.example.CreditUnionLedger register
INFO: Registered [1] Brice Kamdem — $125,000.00
Mar 17, 2026 7:01:03 AM org.example.CreditUnionLedger register
INFO: Registered [2] Serge Alain Ndzié — $2,140,000.00
Mar 17, 2026 7:01:03 AM org.example.CreditUnionLedger register
INFO: Registered [3] Marie Claire Ndzi — $170,000.00
]]></system-err>
  </testcase>
  <testcase name="highestBalanceNoAccounts" classname="org.example.module1DataStructure.section1_coreBankingStorage.CreditUnionLedgerTest$HighestBalanceTests" time="0.009"/>
  <testcase name="highestAtFirstIndex" classname="org.example.module1DataStructure.section1_coreBankingStorage.CreditUnionLedgerTest$HighestBalanceTests" time="0.008">
    <system-err><![CDATA[Mar 17, 2026 7:01:03 AM org.example.CreditUnionLedger register
INFO: Registered [0] Richest — $999,999.00
Mar 17, 2026 7:01:03 AM org.example.CreditUnionLedger register
INFO: Registered [1] Second — $500.00
]]></system-err>
  </testcase>
  <testcase name="highestBalanceName" classname="org.example.module1DataStructure.section1_coreBankingStorage.CreditUnionLedgerTest$HighestBalanceTests" time="0.017">
    <system-err><![CDATA[Mar 17, 2026 7:01:03 AM org.example.CreditUnionLedger register
INFO: Registered [0] Jean Pierre Ngono — $1,200,000.00
Mar 17, 2026 7:01:03 AM org.example.CreditUnionLedger register
INFO: Registered [1] Brice Kamdem — $125,000.00
Mar 17, 2026 7:01:03 AM org.example.CreditUnionLedger register
INFO: Registered [2] Serge Alain Ndzié — $2,140,000.00
Mar 17, 2026 7:01:03 AM org.example.CreditUnionLedger register
INFO: Registered [3] Marie Claire Ndzi — $170,000.00
]]></system-err>
  </testcase>
  <testcase name="highestAtLastIndex" classname="org.example.module1DataStructure.section1_coreBankingStorage.CreditUnionLedgerTest$HighestBalanceTests" time="0.049">
    <system-err><![CDATA[Mar 17, 2026 7:01:03 AM org.example.CreditUnionLedger register
INFO: Registered [0] First — $100.00
Mar 17, 2026 7:01:03 AM org.example.CreditUnionLedger register
INFO: Registered [9] Last — $50,000.00
]]></system-err>
  </testcase>
</testsuite>