<?xml version="1.0" encoding="UTF-8"?>
<testsuite xmlns:xsi="http://www.w3.org/2001/XMLSchema-instance" xsi:noNamespaceSchemaLocation="https://maven.apache.org/surefire/maven-surefire-plugin/xsd/surefire-test-report.xsd" version="3.0.2" name="org.example.module1DataStructure.section1_coreBankingStorage.ATMGridTest" time="0.591" tests="7" errors="0" skipped="0" failures="0">
  <properties>
[...]
</properties>
  <testcase name="printGrid" classname="org.example.module1DataStructure.section1_coreBankingStorage.ATMGridTest" time="0.377">
    <system-out><![CDATA[14:27:19.068 [main] INFO org.example.module1DataStructure.section1_coreBankingStorage.exercise1_3.ATMGrid -- Loaded $500,000.00 to branch 0, ATM 0
14:27:19.083 [main] INFO org.example.module1DataStructure.section1_coreBankingStorage.exercise1_3.ATMGrid -- Loaded $250,000.00 to branch 0, ATM 1
14:27:19.083 [main] INFO org.example.module1DataStructure.section1_coreBankingStorage.exercise1_3.ATMGrid -- Loaded $100,000.00 to branch 1, ATM 0
14:27:19.084 [main] INFO org.example.module1DataStructure.section1_coreBankingStorage.exercise1_3.ATMGrid -- Loaded $750,000.00 to branch 2, ATM 1
14:27:19.088 [main] INFO org.example.module1DataStructure.section1_coreBankingStorage.exercise1_3.ATMGrid -- ATM Cash Grid (Branch x ATM):
14:27:19.089 [main] INFO org.example.module1DataStructure.section1_coreBankingStorage.exercise1_3.ATMGrid --           ATM-1          ATM-2          ATM-3          
14:27:19.090 [main] INFO org.example.module1DataStructure.section1_coreBankingStorage.exercise1_3.ATMGrid -- Branch A: $500,000.00    $250,000.00    $0.00          
14:27:19.091 [main] INFO org.example.module1DataStructure.section1_coreBankingStorage.exercise1_3.ATMGrid -- Branch B: $100,000.00    $0.00          $0.00          
14:27:19.091 [main] INFO org.example.module1DataStructure.section1_coreBankingStorage.exercise1_3.ATMGrid -- Branch C: $0.00          $750,000.00    $0.00          
14:27:19.092 [main] INFO org.example.module1DataStructure.section1_coreBankingStorage.exercise1_3.ATMGrid -- Branch D: $0.00          $0.00          $0.00          
]]></system-out>
    <system-err><![CDATA[SLF4J(I): Connected with provider of type [ch.qos.logback.classic.spi.LogbackServiceProvider]
]]></system-err>
  </testcase>
  <testcase name="branchTotal" classname="org.example.module1DataStructure.section1_coreBankingStorage.ATMGridTest" time="0.01">
    <system-out><![CDATA[14:27:19.148 [main] INFO org.example.module1DataStructure.section1_coreBankingStorage.exercise1_3.ATMGrid -- Loaded $500,000.00 to branch 0, ATM 0
14:27:19.149 [main] INFO org.example.module1DataStructure.section1_coreBankingStorage.exercise1_3.ATMGrid -- Loaded $250,000.00 to branch 0, ATM 1
14:27:19.151 [main] INFO org.example.module1DataStructure.section1_coreBankingStorage.exercise1_3.ATMGrid -- Loaded $100,000.00 to branch 0, ATM 2
14:27:19.152 [main] INFO org.example.module1DataStructure.section1_coreBankingStorage.exercise1_3.ATMGrid -- Total cash in branch 0 is $850,000.00
]]></system-out>
  </testcase>
  <testcase name="loadCash_negativeAmount" classname="org.example.module1DataStructure.section1_coreBankingStorage.ATMGridTest" time="0.015">
    <system-out><![CDATA[14:27:19.181 [main] WARN org.example.module1DataStructure.section1_coreBankingStorage.exercise1_3.ATMGrid -- Error: the amount must be positive: -100.0
]]></system-out>
  </testcase>
  <testcase name="loadCash_invalidIndex" classname="org.example.module1DataStructure.section1_coreBankingStorage.ATMGridTest" time="0.003">
    <system-out><![CDATA[14:27:19.189 [main] WARN org.example.module1DataStructure.section1_coreBankingStorage.exercise1_3.ATMGrid -- Error: branch index or invalid ATM
]]></system-out>
  </testcase>
  <testcase name="findLowCash_noneBelow" classname="org.example.module1DataStructure.section1_coreBankingStorage.ATMGridTest" time="0.015">
    <system-out><![CDATA[14:27:19.196 [main] INFO org.example.module1DataStructure.section1_coreBankingStorage.exercise1_3.ATMGrid -- Loaded $500,000.00 to branch 0, ATM 0
14:27:19.197 [main] INFO org.example.module1DataStructure.section1_coreBankingStorage.exercise1_3.ATMGrid -- Loaded $500,000.00 to branch 0, ATM 1
14:27:19.199 [main] INFO org.example.module1DataStructure.section1_coreBankingStorage.exercise1_3.ATMGrid -- Loaded $500,000.00 to branch 0, ATM 2
14:27:19.200 [main] INFO org.example.module1DataStructure.section1_coreBankingStorage.exercise1_3.ATMGrid -- Loaded $500,000.00 to branch 1, ATM 0
14:27:19.201 [main] INFO org.example.module1DataStructure.section1_coreBankingStorage.exercise1_3.ATMGrid -- Loaded $500,000.00 to branch 1, ATM 1
14:27:19.202 [main] INFO org.example.module1DataStructure.section1_coreBankingStorage.exercise1_3.ATMGrid -- Loaded $500,000.00 to branch 1, ATM 2
14:27:19.202 [main] INFO org.example.module1DataStructure.section1_coreBankingStorage.exercise1_3.ATMGrid -- Loaded $500,000.00 to branch 2, ATM 0
14:27:19.202 [main] INFO org.example.module1DataStructure.section1_coreBankingStorage.exercise1_3.ATMGrid -- Loaded $500,000.00 to branch 2, ATM 1
14:27:19.203 [main] INFO org.example.module1DataStructure.section1_coreBankingStorage.exercise1_3.ATMGrid -- Loaded $500,000.00 to branch 2, ATM 2
14:27:19.203 [main] INFO org.example.module1DataStructure.section1_coreBankingStorage.exercise1_3.ATMGrid -- Loaded $500,000.00 to branch 3, ATM 0
14:27:19.204 [main] INFO org.example.module1DataStructure.section1_coreBankingStorage.exercise1_3.ATMGrid -- Loaded $500,000.00 to branch 3, ATM 1
14:27:19.206 [main] INFO org.example.module1DataStructure.section1_coreBankingStorage.exercise1_3.ATMGrid -- Loaded $500,000.00 to branch 3, ATM 2
14:27:19.206 [main] INFO org.example.module1DataStructure.section1_coreBankingStorage.exercise1_3.ATMGrid -- Low cash alerts (< $100,000.00):
14:27:19.207 [main] INFO org.example.module1DataStructure.section1_coreBankingStorage.exercise1_3.ATMGrid -- No ATMs below threshold
]]></system-out>
  </testcase>
  <testcase name="findLowCash" classname="org.example.module1DataStructure.section1_coreBankingStorage.ATMGridTest" time="0.016">
    <system-out><![CDATA[14:27:19.214 [main] INFO org.example.module1DataStructure.section1_coreBankingStorage.exercise1_3.ATMGrid -- Loaded $500,000.00 to branch 0, ATM 0
14:27:19.215 [main] INFO org.example.module1DataStructure.section1_coreBankingStorage.exercise1_3.ATMGrid -- Loaded $50,000.00 to branch 1, ATM 1
14:27:19.215 [main] INFO org.example.module1DataStructure.section1_coreBankingStorage.exercise1_3.ATMGrid -- Loaded $200,000.00 to branch 2, ATM 0
14:27:19.218 [main] INFO org.example.module1DataStructure.section1_coreBankingStorage.exercise1_3.ATMGrid -- Low cash alerts (< $100,000.00):
14:27:19.219 [main] WARN org.example.module1DataStructure.section1_coreBankingStorage.exercise1_3.ATMGrid -- Branch 0, ATM 1: $0.00
14:27:19.219 [main] WARN org.example.module1DataStructure.section1_coreBankingStorage.exercise1_3.ATMGrid -- Branch 0, ATM 2: $0.00
14:27:19.219 [main] WARN org.example.module1DataStructure.section1_coreBankingStorage.exercise1_3.ATMGrid -- Branch 1, ATM 0: $0.00
14:27:19.219 [main] WARN org.example.module1DataStructure.section1_coreBankingStorage.exercise1_3.ATMGrid -- Branch 1, ATM 1: $50,000.00
14:27:19.219 [main] WARN org.example.module1DataStructure.section1_coreBankingStorage.exercise1_3.ATMGrid -- Branch 1, ATM 2: $0.00
14:27:19.219 [main] WARN org.example.module1DataStructure.section1_coreBankingStorage.exercise1_3.ATMGrid -- Branch 2, ATM 1: $0.00
14:27:19.220 [main] WARN org.example.module1DataStructure.section1_coreBankingStorage.exercise1_3.ATMGrid -- Branch 2, ATM 2: $0.00
14:27:19.221 [main] WARN org.example.module1DataStructure.section1_coreBankingStorage.exercise1_3.ATMGrid -- Branch 3, ATM 0: $0.00
14:27:19.221 [main] WARN org.example.module1DataStructure.section1_coreBankingStorage.exercise1_3.ATMGrid -- Branch 3, ATM 1: $0.00
14:27:19.221 [main] WARN org.example.module1DataStructure.section1_coreBankingStorage.exercise1_3.ATMGrid -- Branch 3, ATM 2: $0.00
]]></system-out>
  </testcase>
  <testcase name="loadCash" classname="org.example.module1DataStructure.section1_coreBankingStorage.ATMGridTest" time="0.01">
    <system-out><![CDATA[14:27:19.243 [main] INFO org.example.module1DataStructure.section1_coreBankingStorage.exercise1_3.ATMGrid -- Loaded $200.00 to branch 0, ATM 0
14:27:19.244 [main] INFO org.example.module1DataStructure.section1_coreBankingStorage.exercise1_3.ATMGrid -- Loaded $300.00 to branch 1, ATM 1
14:27:19.247 [main] INFO org.example.module1DataStructure.section1_coreBankingStorage.exercise1_3.ATMGrid -- Loaded $400.00 to branch 2, ATM 2
]]></system-out>
  </testcase>
</testsuite>